gAAAAABoO0csZpaWuI9gpZ7RGYqKHIy8XPkAM3leyqSkh1UMIKqdxmK0K8uv5C2fXwR1CPKJWCJY2gY6PcqdWqSSduV_XFpMm8ttHLxEwOiH_cy-Ahcq5miV9a7edJZblcDbbAUO1L5d
gAAAAABoO0csRrByPcYs8LLwkjRc5BNgqnO7YbI4DoEgV3tvs3NKouUMBuNc7AYlB7n7x21ORb-bf9qLwUWpgZa83Lh8PQNBS3R7Hvf5ees5E4e33fqgmoXhMT7ZdXpFI2GfvigPjJ6OBw54G2W-ykMImMYRi0k8YA==
gAAAAABoO0c1VYUw25XaWqpmmTyjq42du2l_XIn-ZeyfEml7r03OSv342PG_dm3iRTNDOqFjuoDLevHBK1FXuaMNoXDZLyBrE1hf911MfvddzBn1bADkTT2iA-ersrPB7CtWQqXjW8NjpryfEY-DVNFF4BkkNuhLOw==
gAAAAABoO0c1dPEEVTriKLBFTDy8sLChPcBfHvZcPCph3dcuQtRoO2oOJZ7im5kIPVXfgEzMhZ1nt-93YYVwfhfkoNNo-FV6GDclSiFgorPrDGS1RSsMEOw=
gAAAAABoO0c1B4pvavek318337ebBM2FqZttgivSJrhPu1wiowJhbtPycjy_mYW68gn-2dnTd7CrZQ7B1kVIC75VSvB-ewh1pbdAVkUzwBlfXpByc-p5lD4=
gAAAAABoO0c33pV2QmuW9gcRWC-wnnLA4Kkf4yj64FqwZE6UJ5uAoRhcR5TApu_aliIdZRLYQJgmkYjhDzaGv52ArJY-WaZlyMOnxk1jSSxgEbO15e-IRzN6UXBiKomyc_RkR1GDk6tX
gAAAAABoO0c86IDFmAUu5m19ISZSyArLBR9LK8imEyC5nYVQxyrJfjMd6cT17dA0XAQfdbW6xs2w3uDzlVqJELeSkY8f8-z9I2q3YJwFuVEmwEGud1huFEeTT_9ab2bmGzpIVFMDezsMGF65Ad3NXb51AxdLfU3yNg==
gAAAAABoO0c819jwIB1XIoND6VI7kvNPcJU7zWA32BLssCCXOxmkGTcBfVCdhsbVtZ9-OMparWm2H7nLImcpwQdxyTkRUffglzTvC0u8p0wC0rEkMO2s2F0=
gAAAAABoO0c9h3A-QV21iusFIE0LtuHurhc0sDpc-ezvbFf0qsMTxLyTSh8bnjIDI3MZ7y6pJVr392YSOo9efwiP79ZqN_GZFZAN0B2HbUC1jQz89r7Kc90=
gAAAAABoO0c91BrSqgdcYUmV74tT60vz2FrDsUqNvXN-VAy57MKiugSutr-yA1_uEPovp5JaBGP3Z4LaRr9feFxupN21U_tBT6CpxodBGFQZTkRw4lL6pDQ=
gAAAAABoO0c90c-TqBtApmLVMIX2qiQF-wFUr0iEBghdESXKBJ6Q9dvJEZ8HXtdvu9ENzzdJJ3gPnB2uc5DlrCULL3VO_Qn0kqa52H6Beiu8Mzv7F9FDnXQ=
gAAAAABoO0c-f2O-844baLhlM1yjY7rqdTzgUrDlIGtoHQjnXVoIbhMLIhtBvwjtmnfivmfukbW_q7HZjphtiyklq2ldJTgX1SKKjloB3dHJE1uLgsYA5I8=
gAAAAABoO0c-thP5NFh1aOwRZnpLRNomKz9H73fPPfPvg58DhX5mHv0ne6hg5xX1mD8oegy4HJMwJ3Ic636U4BVvHqcfcZQj-GPvU7ncxy15XLuH_TpPi24hytUeH0h1e_8oTeB9QWjf
gAAAAABoO0c-77ykmPxq1mQ5LjUPvVKsq8MZ-FjVNFnYnz18EhsD1gKN7Gku_JNv3aMnRKOSSqazgFzhly0NcaPDWmw-NaWjihGTGJnl2whMi1nHXRtWB3A=
gAAAAABoO0c_fndNA7LTz7VYYHO42IGH6ZzG2RgfOv8hiMYoeVvvn_vEdTIQJhCwglAby4wnk-N3ZdeXjuDUI9-PjlnuUXbatF55WDqBegmMY44g2QBb6BI=
gAAAAABoO0c_VXH8t4cUbRAbDOR15Fr9ZguLFxe5cTr4eyx-hINlhApFtaCvfG7jWzqz-lFR_YqpcyyuBB5nAjXm9bXRROkfLIyOa1Iph4-2Ovrz-bIaOoE=
gAAAAABoO0c_IF7-xN_fWiUQq14vSSe5e29FTaVKXJKScD1RaDlXKWixN9nyY10SELhfzz5ulp8EE_SCMi0k7Oh4-1LCZoa8GT6x02tg3fFHRVNgEuNmtW4=
gAAAAABoO0dAWf59AcDI15ww3lmkwSecnEN7GqbG43ADjNeKqpzz42QVwhXoKerK95IRUkHATa3u3btU9VVP4_RRDGixNolxBgGVYvB0XAUD4EY3uc0uZQU=
gAAAAABoO0dA5mRfeHVf7QdonJGB1Fw57DKwoZlUolMZ2LjHyu_muT70TZYNPuQOSlw6o-bHnxj8M0iE4-KGEXbkoJQotHuqNxvFgiCcgiVuwokWbOuiLOsm3tv4julVj1eBzXFXZBIT
gAAAAABoO0dYwOV6s5GUPOuBv9SLZ94k_AM_ZSSIzMqz-rThwGntFm2_U5wByYW6iuG6c9Q1It1l2QMa3T0oGfmJl31QdSCBA7UWHTFRFRBuqGMh8OLmdd2X4yP-nzsR2C-hKxfBJoj7sx1AsMqyocDjNgBanMw4l9_CWHmdqOpyBvI6EroxpEY=
gAAAAABoO0dYmS77Y-s1YKn5gX671yeDFCH311riyY8Xjd_3yhhNA5U2HgUJxkbi_1u4S6BBZtwpamGoYWXy2sC7AaYgbDcEiHKpMn6DzloL8dvtjP6maqnt7BpIktUu6b8sVneNKYEX
gAAAAABoO0dZ_8izpRqxZWhMXnmzf4MRQKYQ7lM6g1DvWuCv6tWM-JwPJaVxkbCyIHg1B62PJgjR0bHeeQzYzgOSwiW78JZg4fTXTQORgxmRoasdXP_OuHQvQiCVbDeo79RpDMEm-nBS
gAAAAABoO0dZPVEnSQTPYajH__5kAyACyChsgWBpjZpylb16b5pFcQJ3a-N8w2Sw2Fpo8GwLrULRzQzBczKizVOfWjf_yGDkXAUoVkp98QJpDvoqROaxc8y9wWz8Cw-xg5miYMELyO-n
gAAAAABoO0daFHVvhm6rWbpoaQK5z3hGD43juTT2lvnROa8bf1pGxSSUpb7GlcFj_ataK7LyQDzae82nLqi6O43eazAJxGt3Adbmv5Fp9CdL1yoZYSawVm4=
gAAAAABoO0g22_m2rpBPkQ-xmVgiSxMyozpSn_aEpAZC2YHDBWrXIxnTxigqQogsPD8hkdKBFQoJRcwxQAxYhlGnA_e1b2cQAkg9YewNd1qUv87JxoC23C6BV4U2XxUvfSY24ZvMzWcg
gAAAAABoO0g2uTJ_0jxaDAnCzOk8MFb16kjYLdb4CorCmjcjEInyLDwX6vtyqLwV-42al4ioUh31kSsH6R25k3Fd3hD-mPeIoqdoqBQ-SipOrAKK8MM-yuigojj-Pgu7-LaVX1u6teiaon_WWf7I8yLdVxtTYr4Vbg==
gAAAAABoO0hJxHo2nQaPWkYDw2Jk4aDkJE3wy6PY9PRW2vIi-Cehl7gG1ZzyCyK1INzJ5HWTrA4JP0gNIXkR0DHDRlPAow4ebD9R11aocCa_RYyDXxGMUKBP6Toc4tjQRYnmZ44xNZ6TSA7AqTEDHL_E6c6bVnAB4w==
gAAAAABoO0hJFHZsfZdx2aGDS4xkBavWg0vW92xBpdSSDQpwyPeZlB5V18K8wSbkt6oyHeZ1qqCI42Y3sFW0xTfF4h8ooTwqp6ijmScziMB0KHALB3pYj4U=
gAAAAABoO0hJoxl5g_ShoV-pkAKcwxN5E8GdFRp2rQ3EJ-AsZ5Tzxf74NuioKBEOscD2KgsGrwYkpFjDdPrRNc4HoiSds3d1tJtxI7PGuTH-KV-ogbM1rBQ=
gAAAAABoO0hL0G_OztYW16Nv0n6HIdacCNryDWoY3zFa53yVxcG65A7PpUZOJayEGLh0hDxtvOfUdm69dn1lr-x8LUUWcliTUe2mcKb6g0cTGHD16Q8T7RQ=
gAAAAABoO0hLdPYIOGDGkNvQWcI8jffIKq6HORcO46zmoubLGA9nqOWktojf4FUUqOdq2q0PtFtRo1CgfhlF0WNwR8_QOvmHvciyKX8yeHLyejYUqZRancY=
gAAAAABoO0hMlCY3RGiiwA7gIdsGjrq8bLQJL6B7PiTtf4RnbSuqXJyq-SdwZkh3dQKsjh_FZuX4hSTvW-0-HdijN1f6DfoN-uhWZ_HFPkCovmJ5We9r_rU=
gAAAAABoO0hM7a44qAs2gybh3etvzZAinr39rEWxD60dts3GxYecDytP8W1tkGUQyplxGGNBioajlbYNMsVT-rnosa_GywI1JPWPJ6XUJlY4Ko635NCJ9_g=
gAAAAABoO0hM-TZBPzouLE2foLwVJjXieHqph08Ar1nZsTPcxi-LTi4n_hVsbFnGe5xgmyf5RuQMyHOBI-8sdITuUshZ3Rz7Lw61rnEX2Ra25mG-_suzp5s=
gAAAAABoO0hNCgHXDjQZhhCccje4v3YzLE3IuDg5jWQaVhJVn7Ntq5hqxMu1FJR8FGBuafS7Bwd4N1wnv-sHXMjmQGQ3gGDh57Z29M4NGSr7rmHC83XkYopcWDIBjANKbCC1vxCX0skM
gAAAAABoO0hR4XsNTcQqYrzvIR-T0hnApPv5yEXuc88bvyIptVZYcoPY-Q0R2cH-K1qPWqufRNQKj7ib60eWitNNroqygXaWRC1b6Dcs2-tTGN7EXnxI_3-86xX0Ka07y72f3hEJ5etznjLnoEV4oJd49__qzchHFA==
gAAAAABoO0hRDzMy0Nh3yguGYVlCUoDAtOtFfv0X3RFV97VLfw8QioRailpLnQFM6pjYH4czR9QVIkUKgzwbnD_rdf-SsX63m4MMSYTkT2VA0EhdkUfdM4Q=
gAAAAABoO0hSWNfe_XWuFo7GiSwxmX5-znfVSjWxY0v88TudANSFeNErwAHUgdkvpHG5GbD1MN3fzcvLrZIgyxrnBcfXOpfS5hxxNeWsn_cy49sVs_TQzak=
gAAAAABoO0hTc64C8WN6u4EVovhrELLhWggMMnCWndrL6nEXT7vDAO4Bwgz1m6HuZU9Z3fXxFvpJHxncpYrWaHFsnrFhxhcbTU_L2m3CAwNqLvX1iM6uBLkIfJiHRsvUhoTeXJI1r2bf
gAAAAABoO0hWw0UhyKiDUl4v_oPmpfWhsAfYMxkjjcO60tTE5uGbJtdQIaEKDXZfV72p7yrbO2WCqxzzWgelvuhh9A_oAfPrDDG7Jp3mnHgxcihpAWs_U3s4Jm6UAJAO6xfijOUc-OGFqRzbpbRLDSCZVQ501gyyIFIjjZee-O_qnfnVpKauuAc=
gAAAAABoO0hWTpacQq9YrRV9pp-giIj5lzE39ia7WbQaka-TALfnfs716ER2aX_cNYU2FJBUY5s1dkVpyHnPc_4H2ZQBncK15q4c9g_H6qkJaLtJfbmufZE=
gAAAAABoO0hX1RWPDTBV_2rUJscAhH-hzvNaG-WZRNBwDXTUbytTF2WV_lSdvovZMql2ajpoMyXZ1zPy1pnp2W4RypmRAGwv0X4dAVMNUQhM3X0U7F-RTvU=
gAAAAABoO0hXw9wKaXR4YpBeT0tz7fTb1SHyBCL7NYBx52oZeRaT9KRt6M-BqpEWFR_msTmP5sRGz2zLCXRBRCggMxs7WqfT82c8DojG8IWF7Fm9EXnku2k=
gAAAAABoO0hsavsl4QRhvGXVc1jip-EimCZOla4HmmtYspHz5tcTCR3zRVF-95-Hjngqy_mXi-WPAG7tJLX958wX7Oyg7Pq6RWgWaV49qSV_K4cIEjpPq4I5WcfBBbqjrcVZ6YOE0YPa1fBYhOucrHtBU0Q_kNNH9150oV0rk17AJ7-M4aYT6rs=
gAAAAABoO0hsgatS1HFuf8p9TPWuIR-XXPji4tG5cVVMuj3lxC_AUKokMPML_QMDDajsmMuM9KtNnPc4YDKSmpV6UdVwxOqFJ7fRLS-i7QgAeBK3N0qwKD-MJzPmdsexIdRT8SZIInMj
gAAAAABoO0hsT7C-MIfVrDWO9Hnw79dWADD1IAwvS2JeEWPeJaZOGqCeci2XsIU6nKj95IwHYqsQ7iG8HW41SGhXyGd37QWUQ32SZ8GbdobK_wZE0k0P7GY=
