gAAAAABoO0csQG_yG9s0U8-xgIq2TML0sRR9FH3a_iVnPsX3w71a7LyTvnJlcqgGuCea1zdWe5hahUE_JX7uuxIuunMFMhXRk8xhIp1scwjDogRwP8zbm72lh5pRVirAFoFnec2pUvYbh9qR6Q3nbAL39JZ7pFI4_A==
gAAAAABoO0cuSA4DAPLYa2D-P0CcvIA6qj9J_nse28jo3-V2_0eDPpleooJcVIXNM7mDBk1x7WP5x274DE_GxJHywjbe45g0n7e3LsUCzaB6A8Jx53mSjBGQ-TuiApl852EzJSaxa4mawOUdRNfvAab989DDIpffitkse_xrKRgDEgGz89seqMk=
gAAAAABoO0cu2CVRSCVhge7fLM81aAXPi6BtSG5Zo6MTNQZ4lqM7hrDrHRsGBhURzjJ2L3x8bkeAaFfBNfwELJsonTohfXjPqGhGWU0XlzlBURRgCrYh-n4Wov4UpKxCkk-e1DB1kYmfCru2QQHidy7FL3DOzx2zTcAMfOTySnDSfb6wM8Kom9w=
gAAAAABoO0cxjQds8WTZFw3X_sh3ZyMYuBZ7JwqISga5qR4mDizwiazv6SxRg8VVB5cS9mX-jjYYmW-gCxo8mG1_Hat7ZrZieXO6kAd5liNgU8T5UUR8-H8GMxqf3qZcb7svdxlFJrQg_2ZxjEm7KxGA57GTALekCDuMDaBbS0o0cUZJWp18Hc4=
gAAAAABoO0cx16bDo4mAncba5LjC09rjCHcsh48F70jJo5vbOpFRu5rEvZRQxGP_6AjpqPCpLlL6-u9bow4yGcdSsxmeNpgsX8dLn_FU-qXKRY2AuvBMJe1agjI_sUbktjB81Fq5SDg5cJ-nC970LcRWTWSiLwh-v6E_3v151yM4Th-ToO_1xsw=
gAAAAABoO0cyL7_IJyz0iyIl16bZo9HxLbqF6yhWLKsIxTo0bc36JtVujj5VDyNOt-tmrA_ay7AAZv3OK0EaaVZCOCwEWwQfhbQTpfciZYvKfJ3jcVIVbCJM-dHWWRTS7zKUlyMm8EBDtXeORXzqDSexcdPLlbrspVZbUPJ7cmO0YZXv1xexfbg=
gAAAAABoO0cyqZ5QOzmGh_XXu9D3fglcghWGEzAS6ejJK3Cgjy6vXSZDX6IJGqAZDKHhTrKU_JuwK251WaL20a5Rdufat1NXu6jfKJmrz8Uta_bKoU5o1kcajjEICewQtZc8i0n3tJfJe8WF1FAS4MMSmhxZeImmvNEr5nzZwQiHJmnZQgj6C6M=
gAAAAABoO0c04w6oCxR7kNjV8F4yaXefghBoUyuI0WPljPvcHG5w3Jbf2Trib_ulnaez2Qbi5TsgwqVzjoliWd9zST29GDDSUC0gNrobd1iiEfpvgWk_m7Cu9i-1-bi6au536ISW03ghz57z1Kt9M-IKKyy0yXW1hxd86z9qeSOCO0jtVSGWs1o=
gAAAAABoO0c16rysrrFRBPssHyc4U1IVRp2fAOw5-xveWQZk9W8nzVDB7Sk9v4XzyvMW7AUbS7nVF1Uppty1PaqbysAfJhAxcRHr3qVVj8VZlUVx5ltshv0Pgk62-Bc8octHV8izJNWTJrqDdl_HUKOJq6cYlArPugtz002o7UKUxw66Y-rM9-w=
gAAAAABoO0c4_4Oc8DY6SX5TWNYdIcjrnPktgLr-h4FDet3c-FZqSUF7UpzosHbW8EpF7eNM9SPpwdAgJ3qR9Qxt_a9JpP-oje4nxVW4KY592PQ64ez6Pa1w-DbAzjJgr60Z4VGBpPnkD6dwTr8FAiVHDZV8DhYkKxP4ZsotBUD32iKK_7YX_9U=
gAAAAABoO0c5yXQJ0P6XS8Y2GCQkCYpUZmuvX3_YYc1i-iGayWNymk9ojz2lv7CVVl-bWVY-aPnTyGuksGcHmxUMMV9HotdDDiY1PDYUu887hQRN8wC1D1HudNZQrxF9BN6Ab6wHtCToP2l27425Kr0Nm0q36y7FQL65GFDw5mthPOG1QrwsiZ0=
gAAAAABoO0c6SrLcqM6OnSZ2GY8EGiinOtZBJ4QV3JV9uqdpaMFOjwWJh18r9kSVcoSWzIaapGG6zDTtkqvu1ZLO6tKHaq2Xnrb7Yjnhe7vGdBq7lKQ3QHb4DBlNLxCVLy5qdCiu4RVAaPQfGqBQ1a8nPJcReLtca2g6mlIFo8seqLdKMe9cSdU=
gAAAAABoO0c7SC38cf0ep9Zq4bLHVtw0IqylnU83bXk4DjxSd0ebhVYzQatlg3MIqhjIDF0Ghn2cUkaZ-NfxBvsGMMGmxoImUoIdB7vQQD4PlhVyiJEah_FK5pawvQ_IG9mNq3lz1wiS1bj_Jfv7J_XCe83WpWfH5OzQm-GRIy6dUpYDhzfGv7w=
gAAAAABoO0dVeUBWELgF086xFRd4bIbmWmF2VH8YTEDLixhhcFKG5RfEar9TAhiBNmS2gVCz5ZxuIagQPyWpIXZ2XPyVAsWivh_e-x7gcAM-KHnQqGS3L3xY2Ng6w8HU1GWyB4itO6dbfd3XZ6q9x9PFVXYt4Fnne90OLKqRf9YCAYm12HlmrEU=
gAAAAABoO0dVmegya6bEEGtFXAB_xfch26OBhXTzVnVm2rd502y-DgU_0SrXfqd9eGdyQ-OW0AnhZHmNNPcE8kk6Lap1WVIIGEida8mfzvMnyj2RjLKLT_zxrEd__HKCDEvsGXVeqmGsb2BS7dO5gaXy1cVxeUq20Nc8DMDXkIlTqcFiIk13dAA=
gAAAAABoO0dWMqwoN81qeZYE_grm_Mw3HcyYWz4kef_JT509y01OKUbc1aDfq4BpZeAgLjFhhX08VBYvypLTKKmJYFf81S__c6n-ir3t0-DnPw0Xq3hutMYoKu2mYgNvL8ANTuZ3yh7LJ98fsGxn9kY3REdaBSSQKtLM6ex_2xPfaGcbkazTvig=
gAAAAABoO0dW56XeaYXRDgavm9asLmGGV6CtJASIJWPq9-r4t5-9emqhu1faun4lLPRWUD4W_gWTzmd4mXBi2b0y3-CHD0BtzGrJr5734azOhQ8Jc4BTRHK4jYd3RNHh4BxZbpPGHlnxig5pBIsq9WeeZf_H0-g-ctAW-hKQzlKZGTCIsfg7lT8=
gAAAAABoO0g2fvosfNk2BI66oPdMqtqCRqP2S7307zduUE5qyAPqR_r4-W_eKg2aVSFex3MT6vQcF0ntU2Lm0ShhxhuyF4fCgK0H8wXa47fHXLw2BEpR0qBaJagX2BXXIU1-P4DhvPhnHHAGAY8JbEIkJBDnhmQxTw==
gAAAAABoO0g5HOeQXHhG_7clL8IOkPCA0hv-z4B5ghhESzzv5NAh4WSwEkANvz2P6tw1vcU6l8s2Jl5u_HAmP0Y1d2q9KusXz69n88odvC3Wwmi7C3pKHyV1OHdh5mSS-e3afCY6bdVR2f87k3e92pQ0T0DJc7AaWHyjg22DAuH1leZoHYh1Lhg=
gAAAAABoO0g51mJPSinbeAKKKvmc1ELa6R4YLknYqRBxxnS-MzT0dkBGpfitVkVyOhinpXPKqQtP5bhMGBoykgh4TL60nr64p5wZzLYLxxYE03JnQG_xY1zjjvA3W9x3miu8PTQH3i_JN36beZJ3ZZrY03PV496rXXfEwjZ25ebV889qnc445sQ=
gAAAAABoO0g-jOai86E-qur2bKorfR0M8pxrM7iCo72Rhrdiwp62eX9KHFPD8hZHUuyn8lfhGHVOIRezlXJ63UMvddep9HmHF7n7-l9PniU8aWNJjAWvvxcvviDmFRexTwqdFt67MhzNWpgGj-__T9u0U5tsJNzLXEaZXRAFiomirRno_gpZIjc=
gAAAAABoO0g-mgYayD1YUtGWXSJh2rCZYr0s_nMdAfRyWO4er0B1O6YdnbMo_OCSdx4IFqP2Ch-yO8aoDfWrH4hKe8p5K9kUDL3IhfHlGs28C4La05qgs_yECRcZEgd7oX0DeHRHNAuOjIH_joE4_sAyBYX28Fsjj5JezXeWrp8mEKiMovDZY3o=
gAAAAABoO0hDIK4jxEtXO6DYyXjM5PrDlcgiSlRytgiJ-5DiSNUUknoaJCdQ9hWxafY74z-BlPBfkUMssOb7igEvannEekar0Q8lEc3cU_UnCQsk_WG1nUVwfNTVDli2Kxb7nT5txtUXCYr_5wuoctWizmgVczLCj-kecjrGCItBCcvhUc7_tQI=
gAAAAABoO0hE5dYwwl1-ucUCmjRlwTsBZ1mS0JGlIJMoV7tyzkAMKLA065RP7i5sbYTPsN3mAu94vYUmrgVhY-bET9DDsQI1YATLf0oOcabBM6dIASdRyyAw6-nNjmdCl9swpG2NWQjZWcEPvvMLR8BIwuIYbmrHmfmYRNr3BRuLvAGtRgiA3as=
gAAAAABoO0hFPXeQTvIA-Ya_fG6Pxe-_X6nrH6E1XDbPeoYyawnlCIBkdVBFC4zdWhCjuCN1IejT67_bzRCyRlQ4vDMNFsarciZ38i8ZYU38qDiObjHNToTJhImlcMhbgZblVV3QW3kB-xGHMFqcCmBdV1KSk676tGdCyInSDs7RZ4oyRQzxf3c=
gAAAAABoO0hGljQmcHR8XMhHQp9Mz7VlDAABfL8bOEGPoBo3Xu6plAhm5c1BAWk3FDge_hWahnEaw-Wje6Fc7ZcMiWH1DFZVnms41PLhKm02O4zLZliA3g7deq4lNd1Yki81vbIpJTHhu_LG8EdI6OF1FCXBpqTLcz8e-D45AomOc9ASoYTCQTk=
gAAAAABoO0hH1D22Cq-UrepX9BpeAIClyTZBX_8ManSg-C5Ft2nkuUHsmnmrIDXiPH10e48xOh7FXvIaLJO4RWhi3vgsF3LIRlh3ptH_jxQ3TV_wxQNvXeY_IpnreiNhOUk7EZUr0tHZqgv7leo7uRcWdR-3ymPrkcpGilTVGmpXw65lYPYnveU=
gAAAAABoO0hH2S1639Ui3c5dq-CSxmZg2-GfwtGVnlcuM5esx_6C5dbHRLS6NkjzY8YMvEop80perrsQlEZq5uH4hr8R3bDt2-8nm5OHesjcEB5JawLsEfplV6l52ShTC_1ibWGMptCcBNFodSXQYAhZlbsUOSuP4NxlcgFCQ4hZ9v_mNePXA94=
gAAAAABoO0hWom28JkYV8uOMaRfjsnvbcVUn219a3Rf39wccHAnKWCH0vjzg_utzi1J-wnBY60nuHYI_56HxrUx2LrqFK3nD-Bg750i7vWuLPcB7nXJXzZvHiVQE9FuGFXzRUSoEhHBaNtjXxSHLCLp_X9Icamzvy_2HQVKuSWq4k2YP8K28qPI=
gAAAAABoO0hW3w4hMfTG3plFL4PuyQko_ji51xiKXuzw2zsbKKgvIHyQifx1gYGCvAysZ09lfD9YHlLtqUOCLis6rv1BSrNafqF7KWJjQ5oTj5rZ4nqI-YwuJHlen1NJsIhuPWWbouNd08tzb6h6vZRVpJJ6zJWkEcSI7KAfkpeLE9u_zLClobc=
gAAAAABoO0hY9Nze8k8RoeXuOtCe6sX_hVOlYdyNd96fYFS32QWA4C6cdvG2iruMRTzXfxhxKuCb3R8D5bK8e_hNRvxPeQHuN3SZ3lyfEY66fuj8fk4s137GqCSKS5K-FIVsT2tnlJJvb9cd6KXIrusnchcb_du9wUSPAfSC6_CsYq7Sud2YLYo=
gAAAAABoO0hZHUXGtfUnGEIH0fy0RU-kWg2FpaqXhMtoSGWogglX4A17-5AM8Kxo1PqBEbdhXi17rI_nb-RNaCPfkKUpmTNZH0lo9IHdO93LSCtwepWp5UMIInx79wiREybpZIB5Dak3g3Wj67-L-UbIMlwYW2PGMoVLbtPTxqs9oq6dzJvrKSk=
gAAAAABoO0hgisUCeXNwAlO38fFU6m08yHI6CBsh06SuQY9F6ISb7NmF24Bo4c8Qa1A8v7uPAt9nEgA1aZWtoVliwn4vkRXo6Ab2LSOCfTFIxpdshcdMLaUH5dAyqB30Zwj_fR8Bus_EBU-QDjh5bs-qESVtXiWNBRVODGc8elizqQRZAAi-KIg=
gAAAAABoO0hgVsAkz3TfoMDL95pafFL02C1BXHMXEk-Tx_3MhKOrcpJnO9i1dFubehRVJr0ltxMCJ-AyW1-NMw3c4N-Oqfy3zeGpFKUkEoRrtZgh4hSmDsSjQ7Plo0EKqWl3nZD9ao4eeAzGfdJooSyXEi7xIRwJRgX3E8lR_OK6X0b0lC-c7Ec=
gAAAAABoO0hnqHhIv-ri_R4xD4MaTBqfPDHHsPNIqMfNmlpPsqTKT4QBn15ReMEXcTxIZlzAUBcUUgkv135kPpWAtvOZx2IAA30C_L_S5hiZIvP242NlVyQRC_BEQO116qNTo9ti0KY6K6ZB8k72yCFL0ftJqtsQdqM1KlOSJkuqx2WZE_6a6DU=
gAAAAABoO0hn9xVGkkCCwkR1uQnRd6fnbstuUvlMSB7EWrcyN4pHSzozvFfEEOkP5tO3MgTXO110VRIiFjV9BxUqgY33mAufv2e7JJMF_o4GL3J7lGcmZ4zraPConrZTEpxwCobTFwQZ2H6X3Ptyy2b8Dvtcg9Tf2QjbGFECfTN5sjWivs42DIA=
gAAAAABoO0hpPiB4Ds3SiNnylO2icYBk3zbUENF3ramZJf--nz_4TIanDjLvVcKwm_CiDMGnJGd4MoyMXzeN3su7DsR2r4mNonsBS69mVVM_WeLEWpJyeRXHX3UN8wf6nu2BnxUJa_TJ4bJJhmtaDSIemF4elpJJu7KGLjWhpi-mIG2Z1kMyZz8=
gAAAAABoO0hphQMyB_Ac7TfFmO8VwLzGHXESPPp2H2U68iIogTfT7igfgqYpSXeKuEAf4RgG21QR0NkMFNnxP-vHI6Pue0uNTz1gWgJayZnJE7UQpTPg60DWtQKMKJPRYGqI-BTjqosAEuJH6atDPFTthhkXKy0q8lJqTCCutfjEk0223hsDksA=
